<?xml version="1.0" encoding="UTF-8"?>
<!-- Generated by org.testng.reporters.JUnitReportReporter -->
<testsuite skipped="0" hostname="DESKTOP-2QKULND" name="org.Barclays.Test.BaseTest" tests="1" failures="0" timestamp="10 Jan 2019 08:43:43 GMT" time="54.751" errors="0">
  <testcase name="positiveCredChek" time="54.751" classname="org.Barclays.Test.BaseTest"/>
</testsuite> <!-- org.Barclays.Test.BaseTest -->
